[ 2016-11-06T23:30:14+08:00 ] 127.0.0.1 /home/index/index
INFO: [ app_init ] --START--
INFO: Run Behavior\BuildLiteBehavior [ RunTime:0.000000s ]
INFO: [ app_init ] --END-- [ RunTime:0.001000s ]

[ 2016-11-06T23:30:17+08:00 ] 127.0.0.1 /
INFO: [ app_init ] --START--
INFO: Run Behavior\BuildLiteBehavior [ RunTime:0.000000s ]
INFO: [ app_init ] --END-- [ RunTime:0.000000s ]

[ 2016-11-06T23:30:19+08:00 ] 127.0.0.1 /home/index/index
INFO: [ app_init ] --START--
INFO: Run Behavior\BuildLiteBehavior [ RunTime:0.000000s ]
INFO: [ app_init ] --END-- [ RunTime:0.001000s ]

[ 2016-11-06T23:30:20+08:00 ] 127.0.0.1 /home/index/index
INFO: [ app_init ] --START--
INFO: Run Behavior\BuildLiteBehavior [ RunTime:0.000000s ]
INFO: [ app_init ] --END-- [ RunTime:0.001000s ]

[ 2016-11-06T23:30:21+08:00 ] 127.0.0.1 /home/index/index
INFO: [ app_init ] --START--
INFO: Run Behavior\BuildLiteBehavior [ RunTime:0.000000s ]
INFO: [ app_init ] --END-- [ RunTime:0.000000s ]

[ 2016-11-06T23:30:30+08:00 ] 127.0.0.1 /home/index/index
INFO: [ app_init ] --START--
INFO: Run Behavior\BuildLiteBehavior [ RunTime:0.000000s ]
INFO: [ app_init ] --END-- [ RunTime:0.001000s ]

[ 2016-11-06T23:30:32+08:00 ] 127.0.0.1 /home/index/aa
INFO: [ app_init ] --START--
INFO: Run Behavior\BuildLiteBehavior [ RunTime:0.000000s ]
INFO: [ app_init ] --END-- [ RunTime:0.000000s ]

[ 2016-11-06T23:30:37+08:00 ] 127.0.0.1 /home/index/index/index
INFO: [ app_init ] --START--
INFO: Run Behavior\BuildLiteBehavior [ RunTime:0.000000s ]
INFO: [ app_init ] --END-- [ RunTime:0.001000s ]

[ 2016-11-06T23:31:03+08:00 ] 127.0.0.1 /home/index/index/index
INFO: [ app_init ] --START--
INFO: Run Behavior\BuildLiteBehavior [ RunTime:0.000000s ]
INFO: [ app_init ] --END-- [ RunTime:0.001000s ]

[ 2016-11-06T23:31:05+08:00 ] 127.0.0.1 /home/index/aa
INFO: [ app_init ] --START--
INFO: Run Behavior\BuildLiteBehavior [ RunTime:0.000000s ]
INFO: [ app_init ] --END-- [ RunTime:0.001000s ]

[ 2016-11-06T23:31:27+08:00 ] 127.0.0.1 /home/index/index/index
INFO: [ app_init ] --START--
INFO: Run Behavior\BuildLiteBehavior [ RunTime:0.000000s ]
INFO: [ app_init ] --END-- [ RunTime:0.001000s ]

[ 2016-11-06T23:31:28+08:00 ] 127.0.0.1 /home/index/aa
INFO: [ app_init ] --START--
INFO: Run Behavior\BuildLiteBehavior [ RunTime:0.000000s ]
INFO: [ app_init ] --END-- [ RunTime:0.000000s ]

[ 2016-11-06T23:31:47+08:00 ] 127.0.0.1 /home/index/index/index
INFO: [ app_init ] --START--
INFO: Run Behavior\BuildLiteBehavior [ RunTime:0.000000s ]
INFO: [ app_init ] --END-- [ RunTime:0.000000s ]

[ 2016-11-06T23:31:50+08:00 ] 127.0.0.1 /home/index/index
INFO: [ app_init ] --START--
INFO: Run Behavior\BuildLiteBehavior [ RunTime:0.000000s ]
INFO: [ app_init ] --END-- [ RunTime:0.000000s ]

[ 2016-11-06T23:31:51+08:00 ] 127.0.0.1 /home/index/index
INFO: [ app_init ] --START--
INFO: Run Behavior\BuildLiteBehavior [ RunTime:0.000000s ]
INFO: [ app_init ] --END-- [ RunTime:0.000000s ]

[ 2016-11-06T23:31:52+08:00 ] 127.0.0.1 /home/index/index
INFO: [ app_init ] --START--
INFO: Run Behavior\BuildLiteBehavior [ RunTime:0.000000s ]
INFO: [ app_init ] --END-- [ RunTime:0.001000s ]

[ 2016-11-06T23:31:52+08:00 ] 127.0.0.1 /home/index/index
INFO: [ app_init ] --START--
INFO: Run Behavior\BuildLiteBehavior [ RunTime:0.000000s ]
INFO: [ app_init ] --END-- [ RunTime:0.001000s ]

[ 2016-11-06T23:31:53+08:00 ] 127.0.0.1 /home/index/index
INFO: [ app_init ] --START--
INFO: Run Behavior\BuildLiteBehavior [ RunTime:0.000000s ]
INFO: [ app_init ] --END-- [ RunTime:0.000000s ]

[ 2016-11-06T23:31:53+08:00 ] 127.0.0.1 /home/index/index
INFO: [ app_init ] --START--
INFO: Run Behavior\BuildLiteBehavior [ RunTime:0.000000s ]
INFO: [ app_init ] --END-- [ RunTime:0.000000s ]

[ 2016-11-06T23:32:06+08:00 ] 127.0.0.1 /home/index/index
INFO: [ app_init ] --START--
INFO: Run Behavior\BuildLiteBehavior [ RunTime:0.000000s ]
INFO: [ app_init ] --END-- [ RunTime:0.001000s ]

[ 2016-11-06T23:32:07+08:00 ] 127.0.0.1 /home/index/out
INFO: [ app_init ] --START--
INFO: Run Behavior\BuildLiteBehavior [ RunTime:0.000000s ]
INFO: [ app_init ] --END-- [ RunTime:0.000000s ]

[ 2016-11-06T23:32:13+08:00 ] 127.0.0.1 /home/index/index
INFO: [ app_init ] --START--
INFO: Run Behavior\BuildLiteBehavior [ RunTime:0.000000s ]
INFO: [ app_init ] --END-- [ RunTime:0.001000s ]

[ 2016-11-06T23:32:19+08:00 ] 127.0.0.1 /home/index/index
INFO: [ app_init ] --START--
INFO: Run Behavior\BuildLiteBehavior [ RunTime:0.000000s ]
INFO: [ app_init ] --END-- [ RunTime:0.001000s ]

[ 2016-11-06T23:32:21+08:00 ] 127.0.0.1 /home/index/out
INFO: [ app_init ] --START--
INFO: Run Behavior\BuildLiteBehavior [ RunTime:0.000000s ]
INFO: [ app_init ] --END-- [ RunTime:0.001000s ]

[ 2016-11-06T23:32:21+08:00 ] 127.0.0.1 /index.php/home/login/index.html
INFO: [ app_init ] --START--
INFO: Run Behavior\BuildLiteBehavior [ RunTime:0.000000s ]
INFO: [ app_init ] --END-- [ RunTime:0.001000s ]

[ 2016-11-06T23:32:21+08:00 ] 127.0.0.1 /index.php/home/login/code.html
INFO: [ app_init ] --START--
INFO: Run Behavior\BuildLiteBehavior [ RunTime:0.000000s ]
INFO: [ app_init ] --END-- [ RunTime:0.001000s ]

[ 2016-11-06T23:32:23+08:00 ] 127.0.0.1 /home/login/dologin
INFO: [ app_init ] --START--
INFO: Run Behavior\BuildLiteBehavior [ RunTime:0.000000s ]
INFO: [ app_init ] --END-- [ RunTime:0.000000s ]
INFO: [ app_begin ] --START--
INFO: Run Behavior\ReadHtmlCacheBehavior [ RunTime:0.001000s ]
INFO: [ app_begin ] --END-- [ RunTime:0.001000s ]
SQL: SHOW COLUMNS FROM `login` [ RunTime:0.0070s ]
SQL: SELECT * FROM `login` WHERE ( name = "" )  [ RunTime:0.0000s ]

[ 2016-11-06T23:32:25+08:00 ] 127.0.0.1 /home/login/dologin
INFO: [ app_init ] --START--
INFO: Run Behavior\BuildLiteBehavior [ RunTime:0.000000s ]
INFO: [ app_init ] --END-- [ RunTime:0.000000s ]
INFO: [ app_begin ] --START--
INFO: Run Behavior\ReadHtmlCacheBehavior [ RunTime:0.001000s ]
INFO: [ app_begin ] --END-- [ RunTime:0.001000s ]
SQL: SHOW COLUMNS FROM `login` [ RunTime:0.0070s ]
SQL: SELECT * FROM `login` WHERE ( name = "" )  [ RunTime:0.0000s ]

[ 2016-11-06T23:32:51+08:00 ] 127.0.0.1 /home/login/dologin
INFO: [ app_init ] --START--
INFO: Run Behavior\BuildLiteBehavior [ RunTime:0.000000s ]
INFO: [ app_init ] --END-- [ RunTime:0.000000s ]
INFO: [ app_begin ] --START--
INFO: Run Behavior\ReadHtmlCacheBehavior [ RunTime:0.001000s ]
INFO: [ app_begin ] --END-- [ RunTime:0.001000s ]
SQL: SHOW COLUMNS FROM `login` [ RunTime:0.0070s ]
SQL: SELECT * FROM `login` WHERE ( name = "" )  [ RunTime:0.0000s ]

[ 2016-11-06T23:32:52+08:00 ] 127.0.0.1 /index.php/home/login/code.html?0.543963697238715
INFO: [ app_init ] --START--
INFO: Run Behavior\BuildLiteBehavior [ RunTime:0.000000s ]
INFO: [ app_init ] --END-- [ RunTime:0.001000s ]

[ 2016-11-06T23:32:52+08:00 ] 127.0.0.1 /index.php/home/login/code.html?0.06641067814677182
INFO: [ app_init ] --START--
INFO: Run Behavior\BuildLiteBehavior [ RunTime:0.000000s ]
INFO: [ app_init ] --END-- [ RunTime:0.001000s ]

[ 2016-11-06T23:32:53+08:00 ] 127.0.0.1 /index.php/home/login/code.html?0.7962168862566803
INFO: [ app_init ] --START--
INFO: Run Behavior\BuildLiteBehavior [ RunTime:0.000000s ]
INFO: [ app_init ] --END-- [ RunTime:0.001000s ]

[ 2016-11-06T23:32:53+08:00 ] 127.0.0.1 /index.php/home/login/code.html?0.5032730435046641
INFO: [ app_init ] --START--
INFO: Run Behavior\BuildLiteBehavior [ RunTime:0.000000s ]
INFO: [ app_init ] --END-- [ RunTime:0.001000s ]

[ 2016-11-06T23:32:53+08:00 ] 127.0.0.1 /index.php/home/login/code.html?0.36335140612467987
INFO: [ app_init ] --START--
INFO: Run Behavior\BuildLiteBehavior [ RunTime:0.000000s ]
INFO: [ app_init ] --END-- [ RunTime:0.001000s ]

[ 2016-11-06T23:32:57+08:00 ] 127.0.0.1 /home/login/yzm
INFO: [ app_init ] --START--
INFO: Run Behavior\BuildLiteBehavior [ RunTime:0.000000s ]
INFO: [ app_init ] --END-- [ RunTime:0.000000s ]
INFO: [ app_begin ] --START--
INFO: Run Behavior\ReadHtmlCacheBehavior [ RunTime:0.001000s ]
INFO: [ app_begin ] --END-- [ RunTime:0.001000s ]
NOTIC: [8] Undefined variable: code C:\xampp\htdocs\TP\user\Application\Home\Controller\LoginController.class.php 第 113 行.

[ 2016-11-06T23:33:00+08:00 ] 127.0.0.1 /home/login/dologin
INFO: [ app_init ] --START--
INFO: Run Behavior\BuildLiteBehavior [ RunTime:0.000000s ]
INFO: [ app_init ] --END-- [ RunTime:0.001000s ]
INFO: [ app_begin ] --START--
INFO: Run Behavior\ReadHtmlCacheBehavior [ RunTime:0.001000s ]
INFO: [ app_begin ] --END-- [ RunTime:0.001000s ]
SQL: SHOW COLUMNS FROM `login` [ RunTime:0.0070s ]
SQL: SELECT * FROM `login` WHERE ( name = "aaa" )  [ RunTime:0.0000s ]

[ 2016-11-06T23:33:03+08:00 ] 127.0.0.1 /home/login/dologin
INFO: [ app_init ] --START--
INFO: Run Behavior\BuildLiteBehavior [ RunTime:0.000000s ]
INFO: [ app_init ] --END-- [ RunTime:0.001000s ]
INFO: [ app_begin ] --START--
INFO: Run Behavior\ReadHtmlCacheBehavior [ RunTime:0.001000s ]
INFO: [ app_begin ] --END-- [ RunTime:0.001000s ]
SQL: SHOW COLUMNS FROM `login` [ RunTime:0.0090s ]
SQL: SELECT * FROM `login` WHERE ( name = "aa" )  [ RunTime:0.0000s ]

[ 2016-11-06T23:33:05+08:00 ] 127.0.0.1 /home/login/email
INFO: [ app_init ] --START--
INFO: Run Behavior\BuildLiteBehavior [ RunTime:0.000000s ]
INFO: [ app_init ] --END-- [ RunTime:0.001000s ]
INFO: [ app_begin ] --START--
INFO: Run Behavior\ReadHtmlCacheBehavior [ RunTime:0.001000s ]
INFO: [ app_begin ] --END-- [ RunTime:0.001000s ]
SQL: SHOW COLUMNS FROM `login` [ RunTime:0.0070s ]
SQL: SELECT * FROM `login` WHERE ( email = "" and name = "aa" )  [ RunTime:0.0000s ]
NOTIC: [8] Undefined variable: emailss C:\xampp\htdocs\TP\user\Application\Home\Controller\LoginController.class.php 第 68 行.

[ 2016-11-06T23:33:06+08:00 ] 127.0.0.1 /home/login/dologin
INFO: [ app_init ] --START--
INFO: Run Behavior\BuildLiteBehavior [ RunTime:0.000000s ]
INFO: [ app_init ] --END-- [ RunTime:0.001000s ]
INFO: [ app_begin ] --START--
INFO: Run Behavior\ReadHtmlCacheBehavior [ RunTime:0.000000s ]
INFO: [ app_begin ] --END-- [ RunTime:0.000000s ]
SQL: SHOW COLUMNS FROM `login` [ RunTime:0.0070s ]
SQL: SELECT * FROM `login` WHERE ( name = "aaaa" )  [ RunTime:0.0000s ]

[ 2016-11-06T23:33:07+08:00 ] 127.0.0.1 /home/login/dologin
INFO: [ app_init ] --START--
INFO: Run Behavior\BuildLiteBehavior [ RunTime:0.000000s ]
INFO: [ app_init ] --END-- [ RunTime:0.001000s ]
INFO: [ app_begin ] --START--
INFO: Run Behavior\ReadHtmlCacheBehavior [ RunTime:0.001000s ]
INFO: [ app_begin ] --END-- [ RunTime:0.001000s ]
SQL: SHOW COLUMNS FROM `login` [ RunTime:0.0060s ]
SQL: SELECT * FROM `login` WHERE ( name = "aaaa" )  [ RunTime:0.0010s ]

[ 2016-11-06T23:33:07+08:00 ] 127.0.0.1 /home/login/dologin
INFO: [ app_init ] --START--
INFO: Run Behavior\BuildLiteBehavior [ RunTime:0.000000s ]
INFO: [ app_init ] --END-- [ RunTime:0.001000s ]
INFO: [ app_begin ] --START--
INFO: Run Behavior\ReadHtmlCacheBehavior [ RunTime:0.001000s ]
INFO: [ app_begin ] --END-- [ RunTime:0.001000s ]
SQL: SHOW COLUMNS FROM `login` [ RunTime:0.0070s ]
SQL: SELECT * FROM `login` WHERE ( name = "aaaa" )  [ RunTime:0.0000s ]

[ 2016-11-06T23:33:12+08:00 ] 127.0.0.1 /home/login/dologin
INFO: [ app_init ] --START--
INFO: Run Behavior\BuildLiteBehavior [ RunTime:0.000000s ]
INFO: [ app_init ] --END-- [ RunTime:0.000000s ]
INFO: [ app_begin ] --START--
INFO: Run Behavior\ReadHtmlCacheBehavior [ RunTime:0.001000s ]
INFO: [ app_begin ] --END-- [ RunTime:0.001000s ]
SQL: SHOW COLUMNS FROM `login` [ RunTime:0.0110s ]
SQL: SELECT * FROM `login` WHERE ( name = "aaaa" )  [ RunTime:0.0010s ]

[ 2016-11-06T23:33:13+08:00 ] 127.0.0.1 /home/login/dologin
INFO: [ app_init ] --START--
INFO: Run Behavior\BuildLiteBehavior [ RunTime:0.000000s ]
INFO: [ app_init ] --END-- [ RunTime:0.001000s ]
INFO: [ app_begin ] --START--
INFO: Run Behavior\ReadHtmlCacheBehavior [ RunTime:0.001000s ]
INFO: [ app_begin ] --END-- [ RunTime:0.002000s ]
SQL: SHOW COLUMNS FROM `login` [ RunTime:0.0090s ]
SQL: SELECT * FROM `login` WHERE ( name = "aaaa" )  [ RunTime:0.0000s ]

[ 2016-11-06T23:33:14+08:00 ] 127.0.0.1 /home/login/dologin
INFO: [ app_init ] --START--
INFO: Run Behavior\BuildLiteBehavior [ RunTime:0.000000s ]
INFO: [ app_init ] --END-- [ RunTime:0.000000s ]
INFO: [ app_begin ] --START--
INFO: Run Behavior\ReadHtmlCacheBehavior [ RunTime:0.001000s ]
INFO: [ app_begin ] --END-- [ RunTime:0.001000s ]
SQL: SHOW COLUMNS FROM `login` [ RunTime:0.0070s ]
SQL: SELECT * FROM `login` WHERE ( name = "aaaa" )  [ RunTime:0.0010s ]

[ 2016-11-06T23:33:15+08:00 ] 127.0.0.1 /home/login/dologin
INFO: [ app_init ] --START--
INFO: Run Behavior\BuildLiteBehavior [ RunTime:0.000000s ]
INFO: [ app_init ] --END-- [ RunTime:0.000000s ]
INFO: [ app_begin ] --START--
INFO: Run Behavior\ReadHtmlCacheBehavior [ RunTime:0.001000s ]
INFO: [ app_begin ] --END-- [ RunTime:0.001000s ]
SQL: SHOW COLUMNS FROM `login` [ RunTime:0.0080s ]
SQL: SELECT * FROM `login` WHERE ( name = "aaaa" )  [ RunTime:0.0000s ]

[ 2016-11-06T23:33:15+08:00 ] 127.0.0.1 /home/login/dologin
INFO: [ app_init ] --START--
INFO: Run Behavior\BuildLiteBehavior [ RunTime:0.000000s ]
INFO: [ app_init ] --END-- [ RunTime:0.000000s ]
INFO: [ app_begin ] --START--
INFO: Run Behavior\ReadHtmlCacheBehavior [ RunTime:0.001000s ]
INFO: [ app_begin ] --END-- [ RunTime:0.001000s ]
SQL: SHOW COLUMNS FROM `login` [ RunTime:0.0100s ]
SQL: SELECT * FROM `login` WHERE ( name = "aaaa" )  [ RunTime:0.0000s ]

[ 2016-11-06T23:33:16+08:00 ] 127.0.0.1 /home/login/dologin
INFO: [ app_init ] --START--
INFO: Run Behavior\BuildLiteBehavior [ RunTime:0.000000s ]
INFO: [ app_init ] --END-- [ RunTime:0.001000s ]
INFO: [ app_begin ] --START--
INFO: Run Behavior\ReadHtmlCacheBehavior [ RunTime:0.002000s ]
INFO: [ app_begin ] --END-- [ RunTime:0.002000s ]
SQL: SHOW COLUMNS FROM `login` [ RunTime:0.0080s ]
SQL: SELECT * FROM `login` WHERE ( name = "aaaa" )  [ RunTime:0.0010s ]

[ 2016-11-06T23:33:19+08:00 ] 127.0.0.1 /home/login/dologin
INFO: [ app_init ] --START--
INFO: Run Behavior\BuildLiteBehavior [ RunTime:0.000000s ]
INFO: [ app_init ] --END-- [ RunTime:0.001000s ]
INFO: [ app_begin ] --START--
INFO: Run Behavior\ReadHtmlCacheBehavior [ RunTime:0.001000s ]
INFO: [ app_begin ] --END-- [ RunTime:0.001000s ]
SQL: SHOW COLUMNS FROM `login` [ RunTime:0.0060s ]
SQL: SELECT * FROM `login` WHERE ( name = "aa" )  [ RunTime:0.0000s ]

[ 2016-11-06T23:33:23+08:00 ] 127.0.0.1 /home/login/email
INFO: [ app_init ] --START--
INFO: Run Behavior\BuildLiteBehavior [ RunTime:0.000000s ]
INFO: [ app_init ] --END-- [ RunTime:0.000000s ]
INFO: [ app_begin ] --START--
INFO: Run Behavior\ReadHtmlCacheBehavior [ RunTime:0.001000s ]
INFO: [ app_begin ] --END-- [ RunTime:0.001000s ]
SQL: SHOW COLUMNS FROM `login` [ RunTime:0.0070s ]
SQL: SELECT * FROM `login` WHERE ( email = "123123@qq.com" and name = "aa" )  [ RunTime:0.0000s ]
NOTIC: [8] Undefined variable: emailss C:\xampp\htdocs\TP\user\Application\Home\Controller\LoginController.class.php 第 68 行.

[ 2016-11-06T23:33:25+08:00 ] 127.0.0.1 /home/login/email
INFO: [ app_init ] --START--
INFO: Run Behavior\BuildLiteBehavior [ RunTime:0.000000s ]
INFO: [ app_init ] --END-- [ RunTime:0.001000s ]
INFO: [ app_begin ] --START--
INFO: Run Behavior\ReadHtmlCacheBehavior [ RunTime:0.001000s ]
INFO: [ app_begin ] --END-- [ RunTime:0.001000s ]
SQL: SHOW COLUMNS FROM `login` [ RunTime:0.0060s ]
SQL: SELECT * FROM `login` WHERE ( email = "123123@qq.com" and name = "aa" )  [ RunTime:0.0000s ]
NOTIC: [8] Undefined variable: emailss C:\xampp\htdocs\TP\user\Application\Home\Controller\LoginController.class.php 第 68 行.

[ 2016-11-06T23:33:26+08:00 ] 127.0.0.1 /home/login/email
INFO: [ app_init ] --START--
INFO: Run Behavior\BuildLiteBehavior [ RunTime:0.000000s ]
INFO: [ app_init ] --END-- [ RunTime:0.001000s ]
INFO: [ app_begin ] --START--
INFO: Run Behavior\ReadHtmlCacheBehavior [ RunTime:0.001000s ]
INFO: [ app_begin ] --END-- [ RunTime:0.001000s ]
SQL: SHOW COLUMNS FROM `login` [ RunTime:0.0070s ]
SQL: SELECT * FROM `login` WHERE ( email = "123123@qq.com" and name = "aa" )  [ RunTime:0.0000s ]
NOTIC: [8] Undefined variable: emailss C:\xampp\htdocs\TP\user\Application\Home\Controller\LoginController.class.php 第 68 行.

[ 2016-11-06T23:33:26+08:00 ] 127.0.0.1 /home/login/email
INFO: [ app_init ] --START--
INFO: Run Behavior\BuildLiteBehavior [ RunTime:0.000000s ]
INFO: [ app_init ] --END-- [ RunTime:0.001000s ]
INFO: [ app_begin ] --START--
INFO: Run Behavior\ReadHtmlCacheBehavior [ RunTime:0.001000s ]
INFO: [ app_begin ] --END-- [ RunTime:0.002000s ]
SQL: SHOW COLUMNS FROM `login` [ RunTime:0.0100s ]
SQL: SELECT * FROM `login` WHERE ( email = "123123@qq.com" and name = "aa" )  [ RunTime:0.0010s ]
NOTIC: [8] Undefined variable: emailss C:\xampp\htdocs\TP\user\Application\Home\Controller\LoginController.class.php 第 68 行.

[ 2016-11-06T23:33:27+08:00 ] 127.0.0.1 /home/login/email
INFO: [ app_init ] --START--
INFO: Run Behavior\BuildLiteBehavior [ RunTime:0.000000s ]
INFO: [ app_init ] --END-- [ RunTime:0.001000s ]
INFO: [ app_begin ] --START--
INFO: Run Behavior\ReadHtmlCacheBehavior [ RunTime:0.001000s ]
INFO: [ app_begin ] --END-- [ RunTime:0.001000s ]
SQL: SHOW COLUMNS FROM `login` [ RunTime:0.0080s ]
SQL: SELECT * FROM `login` WHERE ( email = "123123@qq.com" and name = "aa" )  [ RunTime:0.0000s ]
NOTIC: [8] Undefined variable: emailss C:\xampp\htdocs\TP\user\Application\Home\Controller\LoginController.class.php 第 68 行.

[ 2016-11-06T23:33:31+08:00 ] 127.0.0.1 /home/login/email
INFO: [ app_init ] --START--
INFO: Run Behavior\BuildLiteBehavior [ RunTime:0.000000s ]
INFO: [ app_init ] --END-- [ RunTime:0.001000s ]
INFO: [ app_begin ] --START--
INFO: Run Behavior\ReadHtmlCacheBehavior [ RunTime:0.001000s ]
INFO: [ app_begin ] --END-- [ RunTime:0.001000s ]
SQL: SHOW COLUMNS FROM `login` [ RunTime:0.0070s ]
SQL: SELECT * FROM `login` WHERE ( email = "123@qq.com" and name = "aa" )  [ RunTime:0.0000s ]
NOTIC: [8] Undefined variable: emailss C:\xampp\htdocs\TP\user\Application\Home\Controller\LoginController.class.php 第 68 行.

[ 2016-11-06T23:33:32+08:00 ] 127.0.0.1 /home/login/email
INFO: [ app_init ] --START--
INFO: Run Behavior\BuildLiteBehavior [ RunTime:0.000000s ]
INFO: [ app_init ] --END-- [ RunTime:0.001000s ]
INFO: [ app_begin ] --START--
INFO: Run Behavior\ReadHtmlCacheBehavior [ RunTime:0.002000s ]
INFO: [ app_begin ] --END-- [ RunTime:0.002000s ]
SQL: SHOW COLUMNS FROM `login` [ RunTime:0.0070s ]
SQL: SELECT * FROM `login` WHERE ( email = "123@qq.com" and name = "aa" )  [ RunTime:0.0010s ]
NOTIC: [8] Undefined variable: emailss C:\xampp\htdocs\TP\user\Application\Home\Controller\LoginController.class.php 第 68 行.

[ 2016-11-06T23:33:33+08:00 ] 127.0.0.1 /home/login/email
INFO: [ app_init ] --START--
INFO: Run Behavior\BuildLiteBehavior [ RunTime:0.000000s ]
INFO: [ app_init ] --END-- [ RunTime:0.001000s ]
INFO: [ app_begin ] --START--
INFO: Run Behavior\ReadHtmlCacheBehavior [ RunTime:0.000000s ]
INFO: [ app_begin ] --END-- [ RunTime:0.000000s ]
SQL: SHOW COLUMNS FROM `login` [ RunTime:0.0070s ]
SQL: SELECT * FROM `login` WHERE ( email = "123@qq.com" and name = "aa" )  [ RunTime:0.0000s ]
NOTIC: [8] Undefined variable: emailss C:\xampp\htdocs\TP\user\Application\Home\Controller\LoginController.class.php 第 68 行.

[ 2016-11-06T23:33:35+08:00 ] 127.0.0.1 /home/login/dologin
INFO: [ app_init ] --START--
INFO: Run Behavior\BuildLiteBehavior [ RunTime:0.000000s ]
INFO: [ app_init ] --END-- [ RunTime:0.000000s ]
INFO: [ app_begin ] --START--
INFO: Run Behavior\ReadHtmlCacheBehavior [ RunTime:0.001000s ]
INFO: [ app_begin ] --END-- [ RunTime:0.001000s ]
SQL: SHOW COLUMNS FROM `login` [ RunTime:0.0080s ]
SQL: SELECT * FROM `login` WHERE ( name = "ad" )  [ RunTime:0.0000s ]

[ 2016-11-06T23:34:57+08:00 ] 127.0.0.1 /home/login/dologin
INFO: [ app_init ] --START--
INFO: Run Behavior\BuildLiteBehavior [ RunTime:0.000000s ]
INFO: [ app_init ] --END-- [ RunTime:0.001000s ]
INFO: [ app_begin ] --START--
INFO: Run Behavior\ReadHtmlCacheBehavior [ RunTime:0.000000s ]
INFO: [ app_begin ] --END-- [ RunTime:0.000000s ]
SQL: SHOW COLUMNS FROM `login` [ RunTime:0.0070s ]
SQL: SELECT * FROM `login` WHERE ( name = "aaa" )  [ RunTime:0.0010s ]

[ 2016-11-06T23:57:20+08:00 ] 127.0.0.1 /index.php/home/login/index.html
INFO: [ app_init ] --START--
INFO: Run Behavior\BuildLiteBehavior [ RunTime:0.000000s ]
INFO: [ app_init ] --END-- [ RunTime:0.000000s ]

[ 2016-11-06T23:57:52+08:00 ] 127.0.0.1 /index.php/home/login/index.html
INFO: [ app_init ] --START--
INFO: Run Behavior\BuildLiteBehavior [ RunTime:0.000000s ]
INFO: [ app_init ] --END-- [ RunTime:0.001000s ]

[ 2016-11-06T23:57:52+08:00 ] 127.0.0.1 /index.php/home/login/code.html
INFO: [ app_init ] --START--
INFO: Run Behavior\BuildLiteBehavior [ RunTime:0.001000s ]
INFO: [ app_init ] --END-- [ RunTime:0.001000s ]

[ 2016-11-06T23:57:53+08:00 ] 127.0.0.1 /home/login/dologin
INFO: [ app_init ] --START--
INFO: Run Behavior\BuildLiteBehavior [ RunTime:0.000000s ]
INFO: [ app_init ] --END-- [ RunTime:0.000000s ]
INFO: [ app_begin ] --START--
INFO: Run Behavior\ReadHtmlCacheBehavior [ RunTime:0.000000s ]
INFO: [ app_begin ] --END-- [ RunTime:0.000000s ]
SQL: SHOW COLUMNS FROM `login` [ RunTime:0.0070s ]
SQL: SELECT * FROM `login` WHERE ( name = "" )  [ RunTime:0.0000s ]

[ 2016-11-06T23:57:56+08:00 ] 127.0.0.1 /home/login/yzm
INFO: [ app_init ] --START--
INFO: Run Behavior\BuildLiteBehavior [ RunTime:0.000000s ]
INFO: [ app_init ] --END-- [ RunTime:0.001000s ]
INFO: [ app_begin ] --START--
INFO: Run Behavior\ReadHtmlCacheBehavior [ RunTime:0.001000s ]
INFO: [ app_begin ] --END-- [ RunTime:0.001000s ]

